Removed Pin From Net: NetName=FLUID_DATA Pin=J1-J3_8
Change Component Footprint: Designator=R6 Old Footprint=FP-CRCW0402-e3-IPC_C New Footprint=RESC2013X70X40ML20T20
Change Component Footprint: Designator=C2 Old Footprint=FP-GRM15-MFG New Footprint=FP-C1206C-EB-MFG
Change Component Comment : Designator=R6 Old Comment=CRCW04021K02FKED New Comment=ERJ-6ENF1021V
Change Component Comment : Designator=C2 Old Comment=GRM155R71C104KA88D New Comment=C1206C104F3GACTU
Change Managed Component Library Link : Designator=C2 Old VaultGUID=B7D15EC3-160A-466F-A46C-7801FE6295A7 New VaultGUID=B7D15EC3-160A-466F-A46C-7801FE6295A7 Old ItemGUID=388B580D-3E2B-4C40-82C1-AF26D2AEE14B New ItemGUID=DF2C7AC2-290C-457E-9444-3ACE5A1B9A1B Old RevisionGUID=94EC833E-789A-4A38-8035-9CFDBEAC3EC3 New RevisionGUID=1B37E536-9C47-4F93-A6F5-64CCDBB48DD1
Change Managed Component Library Link : Designator=R6 Old VaultGUID=B7D15EC3-160A-466F-A46C-7801FE6295A7 New VaultGUID=B7D15EC3-160A-466F-A46C-7801FE6295A7 Old ItemGUID=821002B5-F191-41F7-B3F9-D0CE8752CC4A New ItemGUID=1CE7E010-11A5-4E5F-9C8D-BB66473BDB25 Old RevisionGUID=D4F285A6-7472-4226-B4CA-124C63C0F733 New RevisionGUID=BEB47DC6-EB88-4DAD-9097-3ACFACF0DDEB
Change component parameters: Designator = "C2" ("C2"); Footprint = "FP-GRM15-MFG"; UniqueID = "\FPEWMIZJ" ("\FPEWMIZJ")
Change component parameters (AddParameter): Name = "Automotive"; Value = "Yes"; VariantName = "[No Variations]"
Change component parameters (AddParameter): Name = "Automotive Grade"; Value = "Grade 0"; VariantName = "[No Variations]"
Change component parameters (AddParameter): Name = "Capacitance"; Value = "0.10 µF"; VariantName = "[No Variations]"
Change component parameters (AddParameter): Name = "Category"; Value = "Cap"; VariantName = "[No Variations]"
Change component parameters (AddParameter): Name = "ComponentLink2Description"; Value = "Datasheet"; VariantName = "[No Variations]"
Change component parameters (AddParameter): Name = "ComponentLink2URL"; Value = "https://content.kemet.com/datasheets/KEM_C1007_X8R_ULTRA_150C_SMD.pdf"; VariantName = "[No Variations]"
Change component parameters (AddParameter): Name = "Device Class L1"; Value = "Passive Components"; VariantName = "[No Variations]"
Change component parameters (AddParameter): Name = "Device Class L2"; Value = "Capacitors"; VariantName = "[No Variations]"
Change component parameters (AddParameter): Name = "Device Class L3"; Value = "Ceramic Capacitors"; VariantName = "[No Variations]"
Change component parameters (AddParameter): Name = "Digikey Description"; Value = "CAP CER 0.1UF 25V C0G/NP0 1206"; VariantName = "[No Variations]"
Change component parameters (AddParameter): Name = "Height"; Value = "0.88mm"; VariantName = "[No Variations]"
Change component parameters (AddParameter): Name = "Ipc Land Pattern Name"; Value = "CAPC320160X78"; VariantName = "[No Variations]"
Change component parameters (AddParameter): Name = "Lead Free"; Value = "Yes"; VariantName = "[No Variations]"
Change component parameters (AddParameter): Name = "Manufacturer"; Value = "KEMET"; VariantName = "[No Variations]"
Change component parameters (AddParameter): Name = "Manufacturer Part Number"; Value = "C1206C104F3GACTU"; VariantName = "[No Variations]"
Change component parameters (AddParameter): Name = "Material"; Value = "Ceramic"; VariantName = "[No Variations]"
Change component parameters (AddParameter): Name = "Mouser Description"; Value = "Multilayer Ceramic Capacitors MLCC - SMD/SMT 25volts 0.1uF 1% C0G"; VariantName = "[No Variations]"
Change component parameters (AddParameter): Name = "Octopart"; Value = "https://octopart.com/c1206c104f3gactu-kemet-13149870"; VariantName = "[No Variations]"
Change component parameters (AddParameter): Name = "Package"; Value = "C1206C-EB"; VariantName = "[No Variations]"
Change component parameters (AddParameter): Name = "RoHS"; Value = "TRUE"; VariantName = "[No Variations]"
Change component parameters (AddParameter): Name = "Temperature"; Value = "-55°C to +150°C"; VariantName = "[No Variations]"
Change component parameters (AddParameter): Name = "Temperature Characteristic"; Value = "C0G"; VariantName = "[No Variations]"
Change component parameters (AddParameter): Name = "Temperature Coefficient"; Value = "15%"; VariantName = "[No Variations]"
Change component parameters (AddParameter): Name = "Temperature Range High"; Value = "+150°C"; VariantName = "[No Variations]"
Change component parameters (AddParameter): Name = "Temperature Range Low"; Value = "-55°C"; VariantName = "[No Variations]"
Change component parameters (AddParameter): Name = "Tolerance"; Value = "0.01"; VariantName = "[No Variations]"
Change component parameters (AddParameter): Name = "Value"; Value = "0.10 µF"; VariantName = "[No Variations]"
Change component parameters (AddParameter): Name = "Voltage Rating"; Value = "25 V"; VariantName = "[No Variations]"
Change component parameters: Designator = "R6" ("R6"); Footprint = "FP-CRCW0402-e3-IPC_C"; UniqueID = "\ZEDNTXZP" ("\ZEDNTXZP")
Change component parameters (AddParameter): Name = "Manufacturer"; Value = "Panasonic"; VariantName = "[No Variations]"
Change component parameters (AddParameter): Name = "Part Number"; Value = "ERJ-6ENF1021V"; VariantName = "[No Variations]"
Added Pin To Net: NetName=FLUID_DATA Pin=J1-J2_15
Added Pin To Net: NetName=Pressure-CNT Pin=U3-5
Added Pin To Net: NetName=NetJ1_J2_9 Pin=J1-J2_9
Added Pin To Net: NetName=NetJ1_J2_9 Pin=SW4-4
Added Net: Name=NetJ1_J2_9
Added Pin To Net: NetName=NetJ1_J3_8 Pin=J1-J3_8
Added Pin To Net: NetName=NetJ1_J3_8 Pin=SW3-4
Added Net: Name=NetJ1_J3_8
Added Pin To Net: NetName=PRESSURE_DATA Pin=C6-1
Added Pin To Net: NetName=PRESSURE_DATA Pin=J1-J2_14
Added Pin To Net: NetName=PRESSURE_DATA Pin=U4-6
Added Net: Name=PRESSURE_DATA
Added Member To Class: ClassName=4_PushButtons Member=Component SW2 1571563-9
